未找到配置文件
文件未找到！！！  
错误内容：java.io.FileNotFoundException: error.log (系统找不到指定的文件。)
文件未找到！！！  
错误内容：java.io.FileNotFoundException: error.log (拒绝访问。)
文件未找到！！！  
错误内容：java.io.FileNotFoundException: error.log (系统找不到指定的文件。)
文件未找到！！！  
错误内容：java.io.FileNotFoundException: error.log (拒绝访问。)
文件未找到！！！  
错误内容：java.io.FileNotFoundException: error.log (系统找不到指定的文件。)
文件未找到！！！  
错误内容：java.io.FileNotFoundException: error.log (拒绝访问。)
文件未找到！！！  
错误内容：java.io.FileNotFoundException: error.log (系统找不到指定的文件。)
文件未找到！！！  
错误内容：java.io.FileNotFoundException: error.log (拒绝访问。)
文件未找到！！！  
错误内容：java.io.FileNotFoundException: error.log (系统找不到指定的文件。)
文件未找到！！！  
错误内容：java.io.FileNotFoundException: error.log (拒绝访问。)
文件未找到！！！  
错误内容：java.io.FileNotFoundException: Configuration.ini (拒绝访问。)
文件未找到！！！  
错误内容：java.io.FileNotFoundException: error.log (拒绝访问。)
未找到配置文件
文件未找到！！！  
错误内容：java.io.FileNotFoundException: error.log (系统找不到指定的文件。)
文件未找到！！！  
错误内容：java.io.FileNotFoundException: error.log (拒绝访问。)
