日期：2021/12/07    时间：22:15:16        主机：mao        错误堆栈：
java.io.FileNotFoundException: error.log (系统找不到指定的文件。)
	at java.base/java.io.FileInputStream.open0(Native Method)
	at java.base/java.io.FileInputStream.open(FileInputStream.java:211)
	at java.base/java.io.FileInputStream.<init>(FileInputStream.java:153)
	at java.base/java.io.FileInputStream.<init>(FileInputStream.java:108)
	at java.base/java.io.FileReader.<init>(FileReader.java:60)
	at io.ErrorLog.read(ErrorLog.java:164)
	at io.ErrorLog.display(ErrorLog.java:72)
	at io.ErrorLog$2.actionPerformed(ErrorLog.java:65)
	at java.desktop/javax.swing.AbstractButton.fireActionPerformed(AbstractButton.java:1972)
	at java.desktop/javax.swing.AbstractButton$Handler.actionPerformed(AbstractButton.java:2313)
	at java.desktop/javax.swing.DefaultButtonModel.fireActionPerformed(DefaultButtonModel.java:405)
	at java.desktop/javax.swing.DefaultButtonModel.setPressed(DefaultButtonModel.java:262)
	at java.desktop/javax.swing.AbstractButton.doClick(AbstractButton.java:374)
	at java.desktop/javax.swing.plaf.basic.BasicMenuItemUI.doClick(BasicMenuItemUI.java:1022)
	at java.desktop/javax.swing.plaf.basic.BasicMenuItemUI$Handler.mouseReleased(BasicMenuItemUI.java:1066)
	at java.desktop/java.awt.Component.processMouseEvent(Component.java:6617)
	at java.desktop/javax.swing.JComponent.processMouseEvent(JComponent.java:3342)
	at java.desktop/java.awt.Component.processEvent(Component.java:6382)
	at java.desktop/java.awt.Container.processEvent(Container.java:2264)
	at java.desktop/java.awt.Component.dispatchEventImpl(Component.java:4993)
	at java.desktop/java.awt.Container.dispatchEventImpl(Container.java:2322)
	at java.desktop/java.awt.Component.dispatchEvent(Component.java:4825)
	at java.desktop/java.awt.LightweightDispatcher.retargetMouseEvent(Container.java:4934)
	at java.desktop/java.awt.LightweightDispatcher.processMouseEvent(Container.java:4563)
	at java.desktop/java.awt.LightweightDispatcher.dispatchEvent(Container.java:4504)
	at java.desktop/java.awt.Container.dispatchEventImpl(Container.java:2308)
	at java.desktop/java.awt.Window.dispatchEventImpl(Window.java:2773)
	at java.desktop/java.awt.Component.dispatchEvent(Component.java:4825)
	at java.desktop/java.awt.EventQueue.dispatchEventImpl(EventQueue.java:772)
	at java.desktop/java.awt.EventQueue$4.run(EventQueue.java:721)
	at java.desktop/java.awt.EventQueue$4.run(EventQueue.java:715)
	at java.base/java.security.AccessController.doPrivileged(AccessController.java:391)
	at java.base/java.security.ProtectionDomain$JavaSecurityAccessImpl.doIntersectionPrivilege(ProtectionDomain.java:85)
	at java.base/java.security.ProtectionDomain$JavaSecurityAccessImpl.doIntersectionPrivilege(ProtectionDomain.java:95)
	at java.desktop/java.awt.EventQueue$5.run(EventQueue.java:745)
	at java.desktop/java.awt.EventQueue$5.run(EventQueue.java:743)
	at java.base/java.security.AccessController.doPrivileged(AccessController.java:391)
	at java.base/java.security.ProtectionDomain$JavaSecurityAccessImpl.doIntersectionPrivilege(ProtectionDomain.java:85)
	at java.desktop/java.awt.EventQueue.dispatchEvent(EventQueue.java:742)
	at java.desktop/java.awt.EventDispatchThread.pumpOneEventForFilters(EventDispatchThread.java:203)
	at java.desktop/java.awt.EventDispatchThread.pumpEventsForFilter(EventDispatchThread.java:124)
	at java.desktop/java.awt.EventDispatchThread.pumpEventsForHierarchy(EventDispatchThread.java:113)
	at java.desktop/java.awt.EventDispatchThread.pumpEvents(EventDispatchThread.java:109)
	at java.desktop/java.awt.EventDispatchThread.pumpEvents(EventDispatchThread.java:101)
	at java.desktop/java.awt.EventDispatchThread.run(EventDispatchThread.java:90)



日期：2021/12/11    时间：21:30:43        主机：mao        错误堆栈：
java.io.InvalidClassException: data.Configuration; local class incompatible: stream classdesc serialVersionUID = -5540204515121031828, local class serialVersionUID = 7815150707186272069
	at java.base/java.io.ObjectStreamClass.initNonProxy(ObjectStreamClass.java:722)
	at java.base/java.io.ObjectInputStream.readNonProxyDesc(ObjectInputStream.java:2022)
	at java.base/java.io.ObjectInputStream.readClassDesc(ObjectInputStream.java:1872)
	at java.base/java.io.ObjectInputStream.readOrdinaryObject(ObjectInputStream.java:2179)
	at java.base/java.io.ObjectInputStream.readObject0(ObjectInputStream.java:1689)
	at java.base/java.io.ObjectInputStream.readObject(ObjectInputStream.java:495)
	at java.base/java.io.ObjectInputStream.readObject(ObjectInputStream.java:453)
	at io.Configuration.read(Configuration.java:100)
	at UI.MainPanel.<init>(MainPanel.java:528)
	at Run.main(Run.java:68)



